<?xml version="1.0" encoding="UTF-8"?>
<testsuite xmlns:xsi="http://www.w3.org/2001/XMLSchema-instance" xsi:noNamespaceSchemaLocation="https://maven.apache.org/surefire/maven-surefire-plugin/xsd/surefire-test-report-3.0.xsd" version="3.0" name="com.sapient.trg.pl.PersonTest" time="0.113" tests="12" errors="0" skipped="1" failures="0">
  <properties>
[...]
</properties>
  <testcase name="testForValidGetPersonId" classname="com.sapient.trg.pl.PersonTest" time="0.096"/>
  <testcase name="testSetFirstName" classname="com.sapient.trg.pl.PersonTest" time="0"/>
  <testcase name="testAllArgConstructor" classname="com.sapient.trg.pl.PersonTest" time="0">
    <skipped message="void com.sapient.trg.pl.PersonTest.testAllArgConstructor() is @Disabled"/>
  </testcase>
  <testcase name="testForInvalidGetPersonId" classname="com.sapient.trg.pl.PersonTest" time="0.002"/>
  <testcase name="testGetBirthdate" classname="com.sapient.trg.pl.PersonTest" time="0.001"/>
  <testcase name="testSetLastName" classname="com.sapient.trg.pl.PersonTest" time="0.001"/>
  <testcase name="testGetLastName" classname="com.sapient.trg.pl.PersonTest" time="0.001"/>
  <testcase name="testSetMobile" classname="com.sapient.trg.pl.PersonTest" time="0.001"/>
  <testcase name="testGetFirstName" classname="com.sapient.trg.pl.PersonTest" time="0.001"/>
  <testcase name="testGetMobile" classname="com.sapient.trg.pl.PersonTest" time="0"/>
  <testcase name="testSetBirthdate" classname="com.sapient.trg.pl.PersonTest" time="0"/>
  <testcase name="testSetPersonId" classname="com.sapient.trg.pl.PersonTest" time="0.001"/>
</testsuite>